The directory '/home/ckx/.cache/pip/http' or its parent directory is not owned by the current user and the cache has been disabled. Please check the permissions and owner of that directory. If executing pip with sudo, you may want sudo's -H flag.
The directory '/home/ckx/.cache/pip' or its parent directory is not owned by the current user and caching wheels has been disabled. check the permissions and owner of that directory. If executing pip with sudo, you may want sudo's -H flag.
Collecting gensim
  Downloading https://files.pythonhosted.org/packages/ae/27/e6a9a062104237af82b4df476c21220db6e8321dd9df929b5c91ae915425/gensim-3.7.3-cp35-cp35m-manylinux1_x86_64.whl (24.2MB)
The directory '/home/ckx/.cache/pip/http' or its parent directory is not owned by the current user and the cache has been disabled. Please check the permissions and owner of that directory. If executing pip with sudo, you may want sudo's -H flag.
The directory '/home/ckx/.cache/pip' or its parent directory is not owned by the current user and caching wheels has been disabled. check the permissions and owner of that directory. If executing pip with sudo, you may want sudo's -H flag.
Collecting nltk
  Downloading https://files.pythonhosted.org/packages/73/56/90178929712ce427ebad179f8dc46c8deef4e89d4c853092bee1efd57d05/nltk-3.4.1.zip (3.1MB)
Operation cancelled by user
You are using pip version 19.0.2, however version 19.1.1 is available.
You should consider upgrading via the 'pip install --upgrade pip' command.
Requirement already satisfied: six>=1.5.0 in /usr/lib/python3/dist-packages (from gensim) (1.10.0)
Collecting scipy>=0.18.1 (from gensim)
  Downloading https://files.pythonhosted.org/packages/14/49/8f13fa215e10a7ab0731cc95b0e9bb66cf83c6a98260b154cfbd0b55fb19/scipy-1.3.0-cp35-cp35m-manylinux1_x86_64.whl (25.1MB)
Collecting smart-open>=1.7.0 (from gensim)
  Downloading https://files.pythonhosted.org/packages/bf/ba/7eaf3c0dbe601c43d88e449dcd7b61d385fe07c0167163f63f58ece7c1b5/smart_open-1.8.3.tar.gz (60kB)
Collecting numpy>=1.11.3 (from gensim)
  Downloading https://files.pythonhosted.org/packages/f6/f3/cc6c6745347c1e997cc3e58390584a250b8e22b6dfc45414a7d69a3df016/numpy-1.16.3-cp35-cp35m-manylinux1_x86_64.whl (17.2MB)
Collecting boto>=2.32 (from smart-open>=1.7.0->gensim)
  Downloading https://files.pythonhosted.org/packages/23/10/c0b78c27298029e4454a472a1919bde20cb182dab1662cec7f2ca1dcc523/boto-2.49.0-py2.py3-none-any.whl (1.4MB)
Requirement already satisfied: requests in /usr/lib/python3/dist-packages (from smart-open>=1.7.0->gensim) (2.9.1)
Collecting boto3 (from smart-open>=1.7.0->gensim)
  Downloading https://files.pythonhosted.org/packages/5d/82/19a624dc95bc9bdd1f3f1e76eb1962539c54cf1d9e533e8f8b310a298593/boto3-1.9.151-py2.py3-none-any.whl (128kB)
Collecting s3transfer<0.3.0,>=0.2.0 (from boto3->smart-open>=1.7.0->gensim)
  Downloading https://files.pythonhosted.org/packages/d7/de/5737f602e22073ecbded7a0c590707085e154e32b68d86545dcc31004c02/s3transfer-0.2.0-py2.py3-none-any.whl (69kB)
Collecting jmespath<1.0.0,>=0.7.1 (from boto3->smart-open>=1.7.0->gensim)
  Downloading https://files.pythonhosted.org/packages/83/94/7179c3832a6d45b266ddb2aac329e101367fbdb11f425f13771d27f225bb/jmespath-0.9.4-py2.py3-none-any.whl
Collecting botocore<1.13.0,>=1.12.151 (from boto3->smart-open>=1.7.0->gensim)
  Downloading https://files.pythonhosted.org/packages/57/89/39e9d8a45ff3290c41d47065ec0abc9936925a4bc88bb488e07897d9f38d/botocore-1.12.151-py2.py3-none-any.whl (5.4MB)
Collecting urllib3<1.25,>=1.20; python_version >= "3.4" (from botocore<1.13.0,>=1.12.151->boto3->smart-open>=1.7.0->gensim)
  Downloading https://files.pythonhosted.org/packages/01/11/525b02e4acc0c747de8b6ccdab376331597c569c42ea66ab0a1dbd36eca2/urllib3-1.24.3-py2.py3-none-any.whl (118kB)
Collecting python-dateutil<3.0.0,>=2.1; python_version >= "2.7" (from botocore<1.13.0,>=1.12.151->boto3->smart-open>=1.7.0->gensim)
  Downloading https://files.pythonhosted.org/packages/41/17/c62faccbfbd163c7f57f3844689e3a78bae1f403648a6afb1d0866d87fbb/python_dateutil-2.8.0-py2.py3-none-any.whl (226kB)
Collecting docutils>=0.10 (from botocore<1.13.0,>=1.12.151->boto3->smart-open>=1.7.0->gensim)
  Downloading https://files.pythonhosted.org/packages/36/fa/08e9e6e0e3cbd1d362c3bbee8d01d0aedb2155c4ac112b19ef3cae8eed8d/docutils-0.14-py3-none-any.whl (543kB)
Installing collected packages: numpy, scipy, boto, urllib3, python-dateutil, docutils, jmespath, botocore, s3transfer, boto3, smart-open, gensim
  Found existing installation: urllib3 1.13.1
    Uninstalling urllib3-1.13.1:
      Successfully uninstalled urllib3-1.13.1
  Running setup.py install for smart-open: started
    Running setup.py install for smart-open: finished with status 'done'
Successfully installed boto-2.49.0 boto3-1.9.151 botocore-1.12.151 docutils-0.14 gensim-3.7.3 jmespath-0.9.4 numpy-1.16.3 python-dateutil-2.8.0 s3transfer-0.2.0 scipy-1.3.0 smart-open-1.8.3 urllib3-1.24.3
You are using pip version 19.0.2, however version 19.1.1 is available.
You should consider upgrading via the 'pip install --upgrade pip' command.
